c:\users\hec12\source\repos\opengl2022\opengl2022\x64\release\vc143.pdb
c:\users\hec12\source\repos\opengl2022\opengl2022\x64\release\udemyopengl.obj
c:\users\hec12\source\repos\opengl2022\opengl2022\x64\release\texture.obj
c:\users\hec12\source\repos\opengl2022\opengl2022\x64\release\shader.obj
c:\users\hec12\source\repos\opengl2022\opengl2022\x64\release\mesh.obj
c:\users\hec12\source\repos\opengl2022\opengl2022\x64\release\light.obj
c:\users\hec12\source\repos\opengl2022\opengl2022\x64\release\glwindow.obj
c:\users\hec12\source\repos\opengl2022\opengl2022\x64\release\camera.obj
c:\users\hec12\source\repos\opengl2022\opengl2022\x64\release\material.obj
c:\users\hec12\source\repos\opengl2022\opengl2022\x64\release\directionallight.obj
c:\users\hec12\source\repos\opengl2022\opengl2022\x64\release\pointlight.obj
c:\users\hec12\source\repos\opengl2022\opengl2022\x64\release\spotlight.obj
c:\users\hec12\source\repos\opengl2022\opengl2022\x64\release\model.obj
c:\users\hec12\source\repos\opengl2022\opengl2022\x64\release\shadowmap.obj
c:\users\hec12\source\repos\opengl2022\x64\release\opengl2022.exe
c:\users\hec12\source\repos\opengl2022\opengl2022\x64\release\opengl2022.ipdb
c:\users\hec12\source\repos\opengl2022\x64\release\opengl2022.pdb
c:\users\hec12\source\repos\opengl2022\opengl2022\x64\release\opengl2022.iobj
c:\users\hec12\source\repos\opengl2022\opengl2022\x64\release\opengl2022.tlog\cl.command.1.tlog
c:\users\hec12\source\repos\opengl2022\opengl2022\x64\release\opengl2022.tlog\cl.read.1.tlog
c:\users\hec12\source\repos\opengl2022\opengl2022\x64\release\opengl2022.tlog\cl.write.1.tlog
c:\users\hec12\source\repos\opengl2022\opengl2022\x64\release\opengl2022.tlog\link.command.1.tlog
c:\users\hec12\source\repos\opengl2022\opengl2022\x64\release\opengl2022.tlog\link.read.1.tlog
c:\users\hec12\source\repos\opengl2022\opengl2022\x64\release\opengl2022.tlog\link.write.1.tlog
