  Shader.cpp
C:\Users\hec12\source\repos\OpenGL2022\OpenGL2022\PointLight.h(4,10): warning C4067: unexpected tokens following preprocessor directive - expected a newline
C:\Users\hec12\source\repos\OpenGL2022\OpenGL2022\Shader.cpp(118,44): warning C4477: 'snprintf' : format string '%d' requires an argument of type 'int', but variadic argument 1 has type 'size_t'
C:\Users\hec12\source\repos\OpenGL2022\OpenGL2022\Shader.cpp(118,44): message : consider using '%zd' in the format string
C:\Users\hec12\source\repos\OpenGL2022\OpenGL2022\Shader.cpp(121,44): warning C4477: 'snprintf' : format string '%d' requires an argument of type 'int', but variadic argument 1 has type 'size_t'
C:\Users\hec12\source\repos\OpenGL2022\OpenGL2022\Shader.cpp(121,44): message : consider using '%zd' in the format string
C:\Users\hec12\source\repos\OpenGL2022\OpenGL2022\Shader.cpp(124,44): warning C4477: 'snprintf' : format string '%d' requires an argument of type 'int', but variadic argument 1 has type 'size_t'
C:\Users\hec12\source\repos\OpenGL2022\OpenGL2022\Shader.cpp(124,44): message : consider using '%zd' in the format string
C:\Users\hec12\source\repos\OpenGL2022\OpenGL2022\Shader.cpp(127,44): warning C4477: 'snprintf' : format string '%d' requires an argument of type 'int', but variadic argument 1 has type 'size_t'
C:\Users\hec12\source\repos\OpenGL2022\OpenGL2022\Shader.cpp(127,44): message : consider using '%zd' in the format string
C:\Users\hec12\source\repos\OpenGL2022\OpenGL2022\Shader.cpp(130,44): warning C4477: 'snprintf' : format string '%d' requires an argument of type 'int', but variadic argument 1 has type 'size_t'
C:\Users\hec12\source\repos\OpenGL2022\OpenGL2022\Shader.cpp(130,44): message : consider using '%zd' in the format string
C:\Users\hec12\source\repos\OpenGL2022\OpenGL2022\Shader.cpp(133,44): warning C4477: 'snprintf' : format string '%d' requires an argument of type 'int', but variadic argument 1 has type 'size_t'
C:\Users\hec12\source\repos\OpenGL2022\OpenGL2022\Shader.cpp(133,44): message : consider using '%zd' in the format string
C:\Users\hec12\source\repos\OpenGL2022\OpenGL2022\Shader.cpp(136,44): warning C4477: 'snprintf' : format string '%d' requires an argument of type 'int', but variadic argument 1 has type 'size_t'
C:\Users\hec12\source\repos\OpenGL2022\OpenGL2022\Shader.cpp(136,44): message : consider using '%zd' in the format string
C:\Users\hec12\source\repos\OpenGL2022\OpenGL2022\Shader.cpp(144,44): warning C4477: 'snprintf' : format string '%d' requires an argument of type 'int', but variadic argument 1 has type 'size_t'
C:\Users\hec12\source\repos\OpenGL2022\OpenGL2022\Shader.cpp(144,44): message : consider using '%zd' in the format string
C:\Users\hec12\source\repos\OpenGL2022\OpenGL2022\Shader.cpp(147,44): warning C4477: 'snprintf' : format string '%d' requires an argument of type 'int', but variadic argument 1 has type 'size_t'
C:\Users\hec12\source\repos\OpenGL2022\OpenGL2022\Shader.cpp(147,44): message : consider using '%zd' in the format string
C:\Users\hec12\source\repos\OpenGL2022\OpenGL2022\Shader.cpp(150,44): warning C4477: 'snprintf' : format string '%d' requires an argument of type 'int', but variadic argument 1 has type 'size_t'
C:\Users\hec12\source\repos\OpenGL2022\OpenGL2022\Shader.cpp(150,44): message : consider using '%zd' in the format string
C:\Users\hec12\source\repos\OpenGL2022\OpenGL2022\Shader.cpp(153,44): warning C4477: 'snprintf' : format string '%d' requires an argument of type 'int', but variadic argument 1 has type 'size_t'
C:\Users\hec12\source\repos\OpenGL2022\OpenGL2022\Shader.cpp(153,44): message : consider using '%zd' in the format string
C:\Users\hec12\source\repos\OpenGL2022\OpenGL2022\Shader.cpp(156,44): warning C4477: 'snprintf' : format string '%d' requires an argument of type 'int', but variadic argument 1 has type 'size_t'
C:\Users\hec12\source\repos\OpenGL2022\OpenGL2022\Shader.cpp(156,44): message : consider using '%zd' in the format string
C:\Users\hec12\source\repos\OpenGL2022\OpenGL2022\Shader.cpp(159,44): warning C4477: 'snprintf' : format string '%d' requires an argument of type 'int', but variadic argument 1 has type 'size_t'
C:\Users\hec12\source\repos\OpenGL2022\OpenGL2022\Shader.cpp(159,44): message : consider using '%zd' in the format string
C:\Users\hec12\source\repos\OpenGL2022\OpenGL2022\Shader.cpp(162,44): warning C4477: 'snprintf' : format string '%d' requires an argument of type 'int', but variadic argument 1 has type 'size_t'
C:\Users\hec12\source\repos\OpenGL2022\OpenGL2022\Shader.cpp(162,44): message : consider using '%zd' in the format string
C:\Users\hec12\source\repos\OpenGL2022\OpenGL2022\Shader.cpp(165,44): warning C4477: 'snprintf' : format string '%d' requires an argument of type 'int', but variadic argument 1 has type 'size_t'
C:\Users\hec12\source\repos\OpenGL2022\OpenGL2022\Shader.cpp(165,44): message : consider using '%zd' in the format string
C:\Users\hec12\source\repos\OpenGL2022\OpenGL2022\Shader.cpp(168,44): warning C4477: 'snprintf' : format string '%d' requires an argument of type 'int', but variadic argument 1 has type 'size_t'
C:\Users\hec12\source\repos\OpenGL2022\OpenGL2022\Shader.cpp(168,44): message : consider using '%zd' in the format string
C:\Users\hec12\source\repos\OpenGL2022\OpenGL2022\Shader.cpp(183,48): warning C4477: 'snprintf' : format string '%d' requires an argument of type 'int', but variadic argument 1 has type 'size_t'
C:\Users\hec12\source\repos\OpenGL2022\OpenGL2022\Shader.cpp(183,48): message : consider using '%zd' in the format string
C:\Users\hec12\source\repos\OpenGL2022\OpenGL2022\Shader.cpp(190,48): warning C4477: 'snprintf' : format string '%d' requires an argument of type 'int', but variadic argument 1 has type 'size_t'
C:\Users\hec12\source\repos\OpenGL2022\OpenGL2022\Shader.cpp(190,48): message : consider using '%zd' in the format string
C:\Users\hec12\source\repos\OpenGL2022\OpenGL2022\Shader.cpp(193,48): warning C4477: 'snprintf' : format string '%d' requires an argument of type 'int', but variadic argument 1 has type 'size_t'
C:\Users\hec12\source\repos\OpenGL2022\OpenGL2022\Shader.cpp(193,48): message : consider using '%zd' in the format string
C:\Users\hec12\source\repos\OpenGL2022\OpenGL2022\Shader.cpp(206,39): warning C4267: '=': conversion from 'size_t' to 'GLint', possible loss of data
C:\Users\hec12\source\repos\OpenGL2022\OpenGL2022\Shader.cpp(283,23): warning C4018: '<': signed/unsigned mismatch
C:\Users\hec12\source\repos\OpenGL2022\OpenGL2022\Shader.cpp(300,23): warning C4018: '<': signed/unsigned mismatch
  Generating code
  2 of 887 functions ( 0.2%) were compiled, the rest were copied from previous compilation.
    0 functions were new in current compilation
    9 functions had inline decision re-evaluated but remain unchanged
  Finished generating code
  OpenGL2022.vcxproj -> C:\Users\hec12\source\repos\OpenGL2022\x64\Release\OpenGL2022.exe
