c:\users\hec12\source\repos\opengl2022\opengl2022\x64\debug\vc143.pdb
c:\users\hec12\source\repos\opengl2022\opengl2022\x64\debug\vc143.idb
c:\users\hec12\source\repos\opengl2022\opengl2022\x64\debug\udemyopengl.obj
c:\users\hec12\source\repos\opengl2022\opengl2022\x64\debug\texture.obj
c:\users\hec12\source\repos\opengl2022\opengl2022\x64\debug\spotlight.obj
c:\users\hec12\source\repos\opengl2022\opengl2022\x64\debug\shadowmap.obj
c:\users\hec12\source\repos\opengl2022\opengl2022\x64\debug\shader.obj
c:\users\hec12\source\repos\opengl2022\opengl2022\x64\debug\pointlight.obj
c:\users\hec12\source\repos\opengl2022\opengl2022\x64\debug\model.obj
c:\users\hec12\source\repos\opengl2022\opengl2022\x64\debug\mesh.obj
c:\users\hec12\source\repos\opengl2022\opengl2022\x64\debug\material.obj
c:\users\hec12\source\repos\opengl2022\opengl2022\x64\debug\light.obj
c:\users\hec12\source\repos\opengl2022\opengl2022\x64\debug\glwindow.obj
c:\users\hec12\source\repos\opengl2022\opengl2022\x64\debug\directionallight.obj
c:\users\hec12\source\repos\opengl2022\opengl2022\x64\debug\camera.obj
c:\users\hec12\source\repos\opengl2022\opengl2022\x64\debug\omnishadowmap.obj
c:\users\hec12\source\repos\opengl2022\x64\debug\opengl2022.exe
c:\users\hec12\source\repos\opengl2022\opengl2022\x64\debug\opengl2022.ilk
c:\users\hec12\source\repos\opengl2022\x64\debug\opengl2022.pdb
c:\users\hec12\source\repos\opengl2022\opengl2022\x64\debug\opengl2022.tlog\cl.command.1.tlog
c:\users\hec12\source\repos\opengl2022\opengl2022\x64\debug\opengl2022.tlog\cl.read.1.tlog
c:\users\hec12\source\repos\opengl2022\opengl2022\x64\debug\opengl2022.tlog\cl.write.1.tlog
c:\users\hec12\source\repos\opengl2022\opengl2022\x64\debug\opengl2022.tlog\link.command.1.tlog
c:\users\hec12\source\repos\opengl2022\opengl2022\x64\debug\opengl2022.tlog\link.read.1.tlog
c:\users\hec12\source\repos\opengl2022\opengl2022\x64\debug\opengl2022.tlog\link.write.1.tlog
